[?1h=
                                                                                                        < M A T L A B (R) >
                                                                                              Copyright 1984-2022 The MathWorks, Inc.
                                                                                          R2022b Update 4 (9.13.0.2166757) 64-bit (maci64)
                                                                                                          January 11, 2023

 
è¦å¼€å§‹ï¼Œè¯·é”®å…¥ docã€‚
æœ‰å…³äº§å“ä¿¡æ¯ï¼Œè¯·è®¿é—® www.mathworks.comã€‚
 
UsedSets =
     1     4     9    10    11    12    13    15    23    24    29    32    33    34    48    49    62    75    77   110   114   118
/Users/bytedance/Desktop/mymvs-nompi/quantitative/mvsnet_Eval_1.mat
acc
    0.3270
comp
    0.1738
/Users/bytedance/Desktop/mymvs-nompi/quantitative/mvsnet_Eval_4.mat
acc
    0.3131
comp
    0.3067
/Users/bytedance/Desktop/mymvs-nompi/quantitative/mvsnet_Eval_9.mat
acc
    0.4290
comp
    0.2650
/Users/bytedance/Desktop/mymvs-nompi/quantitative/mvsnet_Eval_10.mat
acc
    0.3397
comp
    0.2033
/Users/bytedance/Desktop/mymvs-nompi/quantitative/mvsnet_Eval_11.mat
acc
    0.5265
comp
    0.3658
/Users/bytedance/Desktop/mymvs-nompi/quantitative/mvsnet_Eval_12.mat
acc
    0.3510
comp
    0.2627
/Users/bytedance/Desktop/mymvs-nompi/quantitative/mvsnet_Eval_13.mat
acc
    0.4723
comp
    0.5094
/Users/bytedance/Desktop/mymvs-nompi/quantitative/mvsnet_Eval_15.mat
acc
    0.4183
comp
    0.2381
/Users/bytedance/Desktop/mymvs-nompi/quantitative/mvsnet_Eval_23.mat
acc
    0.3952
comp
    0.2464
/Users/bytedance/Desktop/mymvs-nompi/quantitative/mvsnet_Eval_24.mat
acc
    0.3505
comp
    0.2819
/Users/bytedance/Desktop/mymvs-nompi/quantitative/mvsnet_Eval_29.mat
acc
    0.4279
comp
    0.4165
/Users/bytedance/Desktop/mymvs-nompi/quantitative/mvsnet_Eval_32.mat
acc
    0.4108
comp
    0.3524
/Users/bytedance/Desktop/mymvs-nompi/quantitative/mvsnet_Eval_33.mat
acc
    0.3702
comp
    0.4921
/Users/bytedance/Desktop/mymvs-nompi/quantitative/mvsnet_Eval_34.mat
acc
    0.2423
comp
    0.2081
/Users/bytedance/Desktop/mymvs-nompi/quantitative/mvsnet_Eval_48.mat
acc
    0.4784
comp
    0.9642
/Users/bytedance/Desktop/mymvs-nompi/quantitative/mvsnet_Eval_49.mat
acc
    0.4986
comp
    0.5415
/Users/bytedance/Desktop/mymvs-nompi/quantitative/mvsnet_Eval_62.mat
acc
    0.3878
comp
    0.4639
/Users/bytedance/Desktop/mymvs-nompi/quantitative/mvsnet_Eval_75.mat
acc
    0.3999
comp
    0.2347
/Users/bytedance/Desktop/mymvs-nompi/quantitative/mvsnet_Eval_77.mat
acc
    0.6801
comp
    0.6284
/Users/bytedance/Desktop/mymvs-nompi/quantitative/mvsnet_Eval_110.mat
acc
    0.3424
comp
    0.2896
/Users/bytedance/Desktop/mymvs-nompi/quantitative/mvsnet_Eval_114.mat
acc
    0.2889
comp
    0.1820
/Users/bytedance/Desktop/mymvs-nompi/quantitative/mvsnet_Eval_118.mat
acc
    0.3101
comp
    0.2643
        nStl: [2643309 3098691 2600015 2214705 2539262 1706174 2467098 2873357 3990092 3178921 3062588 2708249 1946560 3015547 2484505 1857103 2427863 1589069 414653 1381759 2525192 2173324]
       nData: [5227304 5504209 5628146 3439783 4167171 2443782 4440795 6555377 10085425 6565893 7448099 5738091 3183716 5007028 4399013 3779809 5305294 2445425 386379 3792874 5743076 6095877]
     MeanStl: [0.1738 0.3067 0.2650 0.2033 0.3658 0.2627 0.5094 0.2381 0.2464 0.2819 0.4165 0.3524 0.4921 0.2081 0.9642 0.5415 0.4639 0.2347 0.6284 0.2896 0.1820 0.2643]
    MeanData: [0.3270 0.3131 0.4290 0.3397 0.5265 0.3510 0.4723 0.4183 0.3952 0.3505 0.4279 0.4108 0.3702 0.2423 0.4784 0.4986 0.3878 0.3999 0.6801 0.3424 0.2889 0.3101]
      VarStl: [0.0117 0.7703 0.4215 0.0138 0.4390 0.2122 3.5485 0.1732 0.1296 0.7149 2.0421 0.7378 2.0291 0.1897 3.4154 3.3439 1.9880 0.2467 2.1039 0.7790 0.0538 0.5459]
     VarData: [0.1213 0.1493 0.2287 0.0957 0.4071 0.2049 0.3151 0.2054 0.1138 0.1338 0.2218 0.2462 0.4841 0.0502 0.3359 1.3664 0.2490 1.3076 2.2028 0.2699 0.0753 0.1478]
      MedStl: [0.1503 0.1569 0.1665 0.1744 0.1862 0.1674 0.1745 0.1642 0.1661 0.1652 0.1695 0.1673 0.1635 0.1505 0.1876 0.1723 0.1563 0.1542 0.2806 0.1685 0.1452 0.1543]
     MedData: [0.2355 0.2203 0.2944 0.2483 0.3169 0.2184 0.3199 0.2939 0.2962 0.2607 0.2897 0.2715 0.2263 0.1958 0.3143 0.2749 0.2523 0.1962 0.2780 0.2304 0.2100 0.2257]
mean acc
    0.3982
mean comp
    0.3587
totalStatName =
    '/Users/bytedance/Desktop/mymvs-nompi/quantitative/TotalStat_mvsnet_Eval_.mat'
[?1l>